[debug] [2021-04-08T08:35:20.826Z] ----------------------------------------------------------------------
[debug] [2021-04-08T08:35:20.830Z] Command:       C:\Program Files\nodejs\node.exe C:\Users\towhi\AppData\Roaming\npm\node_modules\firebase-tools\lib\bin\firebase.js init hosting
[debug] [2021-04-08T08:35:20.831Z] CLI Version:   9.6.1
[debug] [2021-04-08T08:35:20.831Z] Platform:      win32
[debug] [2021-04-08T08:35:20.831Z] Node Version:  v14.15.3
[debug] [2021-04-08T08:35:20.833Z] Time:          Thu Apr 08 2021 14:35:20 GMT+0600 (Bangladesh Standard Time)
[debug] [2021-04-08T08:35:20.833Z] ----------------------------------------------------------------------
[debug] [2021-04-08T08:35:20.834Z] 
[debug] [2021-04-08T08:35:20.843Z] > command requires scopes: ["email","openid","https://www.googleapis.com/auth/cloudplatformprojects.readonly","https://www.googleapis.com/auth/firebase","https://www.googleapis.com/auth/cloud-platform"]
[debug] [2021-04-08T08:35:20.844Z] > authorizing via signed-in user
[info] 
     ######## #### ########  ######## ########     ###     ######  ########
     ##        ##  ##     ## ##       ##     ##  ##   ##  ##       ##
     ######    ##  ########  ######   ########  #########  ######  ######
     ##        ##  ##    ##  ##       ##     ## ##     ##       ## ##
     ##       #### ##     ## ######## ########  ##     ##  ######  ########

You're about to initialize a Firebase project in this directory:

  D:\WebDevelopment\volunteer-network-master

[info] 
=== Project Setup
[info] 
[info] First, let's associate this project directory with a Firebase project.
[info] You can create multiple project aliases by running firebase use --add, 
[info] but for now we'll just set up a default project.
[info] 
[debug] [2021-04-08T08:35:27.343Z] >>> [apiv2][query] GET https://firebase.googleapis.com/v1beta1/projects pageSize=100
[debug] [2021-04-08T08:35:28.095Z] <<< [apiv2][status] GET https://firebase.googleapis.com/v1beta1/projects 200
[debug] [2021-04-08T08:35:28.095Z] <<< [apiv2][body] GET https://firebase.googleapis.com/v1beta1/projects [omitted]
